2018-12-10 19:41:27.344153: I tensorflow/core/platform/cpu_feature_guard.cc:141] Your CPU supports instructions that this TensorFlow binary was not compiled to use: AVX2 FMA

=================================================================
                              Paths
=================================================================
Validate data in the base directory : 
['validation.h5', 'original_downloaded_files', 'round1_test_a_20181109.h5', 'training.h5']


=================================================================
                        Overview of Data:
=================================================================
Training data keys   : ['label', 'sen1', 'sen2']
Validation data keys : ['label', 'sen1', 'sen2']
Round1 Test data keys : ['sen1', 'sen2']
-----------------------------------------------------------------
Training data shapes:
  Sentinel 1 data shape : (352366, 32, 32, 8)
  Sentinel 2 data shape : (352366, 32, 32, 10)
  Label data shape      : (352366, 17)
-----------------------------------------------------------------
Validation data shapes:
  Sentinel 1 data shape : (24119, 32, 32, 8)
  Sentinel 2 data shape : (24119, 32, 32, 10)
  Label data shape      : (24119, 17)
Round1 Test data shapes:
  Sentinel 1 data shape : (4838, 32, 32, 8)
  Sentinel 2 data shape : (4838, 32, 32, 10)

=================================================================
                          Model Summary
=================================================================
_________________________________________________________________
Layer (type)                 Output Shape              Param #   
=================================================================
conv2d_1 (Conv2D)            (None, 32, 32, 256)       41728     
_________________________________________________________________
activation_1 (Activation)    (None, 32, 32, 256)       0         
_________________________________________________________________
batch_normalization_1 (Batch (None, 32, 32, 256)       1024      
_________________________________________________________________
max_pooling2d_1 (MaxPooling2 (None, 10, 10, 256)       0         
_________________________________________________________________
dropout_1 (Dropout)          (None, 10, 10, 256)       0         
_________________________________________________________________
conv2d_2 (Conv2D)            (None, 10, 10, 512)       1180160   
_________________________________________________________________
activation_2 (Activation)    (None, 10, 10, 512)       0         
_________________________________________________________________
batch_normalization_2 (Batch (None, 10, 10, 512)       2048      
_________________________________________________________________
conv2d_3 (Conv2D)            (None, 10, 10, 512)       2359808   
_________________________________________________________________
activation_3 (Activation)    (None, 10, 10, 512)       0         
_________________________________________________________________
batch_normalization_3 (Batch (None, 10, 10, 512)       2048      
_________________________________________________________________
max_pooling2d_2 (MaxPooling2 (None, 5, 5, 512)         0         
_________________________________________________________________
dropout_2 (Dropout)          (None, 5, 5, 512)         0         
_________________________________________________________________
conv2d_4 (Conv2D)            (None, 5, 5, 1024)        4719616   
_________________________________________________________________
activation_4 (Activation)    (None, 5, 5, 1024)        0         
_________________________________________________________________
batch_normalization_4 (Batch (None, 5, 5, 1024)        4096      
_________________________________________________________________
conv2d_5 (Conv2D)            (None, 5, 5, 1024)        9438208   
_________________________________________________________________
activation_5 (Activation)    (None, 5, 5, 1024)        0         
_________________________________________________________________
batch_normalization_5 (Batch (None, 5, 5, 1024)        4096      
_________________________________________________________________
max_pooling2d_3 (MaxPooling2 (None, 2, 2, 1024)        0         
_________________________________________________________________
dropout_3 (Dropout)          (None, 2, 2, 1024)        0         
_________________________________________________________________
flatten_1 (Flatten)          (None, 4096)              0         
_________________________________________________________________
dense_1 (Dense)              (None, 2048)              8390656   
_________________________________________________________________
activation_6 (Activation)    (None, 2048)              0         
_________________________________________________________________
batch_normalization_6 (Batch (None, 2048)              8192      
_________________________________________________________________
dropout_4 (Dropout)          (None, 2048)              0         
_________________________________________________________________
dense_2 (Dense)              (None, 17)                34833     
_________________________________________________________________
activation_7 (Activation)    (None, 17)                0         
=================================================================
Total params: 26,186,513
Trainable params: 26,175,761
Non-trainable params: 10,752
_________________________________________________________________


=================================================================
                       Training Parameters
=================================================================
Model Saving Directory:
/home/kefeng/German_AI_Challenge/results/model-KFSmallerVGGNet-20181210-epochs-10-trainsize-352366
-----------------------------------------------------------------
Test Mode        : Full
Train Size       : 352366
Validation Size  : 24119
Epochs           : 10
Batch Size       : 128
-----------------------------------------------------------------


=================================================================
                         Start Training
=================================================================
Epoch 1/10

   1/2753 [..............................] - ETA: 11:05:44 - loss: 0.2968 - acc: 0.9366
   2/2753 [..............................] - ETA: 10:06:02 - loss: 0.2662 - acc: 0.9403
   3/2753 [..............................] - ETA: 9:42:14 - loss: 0.2576 - acc: 0.9395 
   4/2753 [..............................] - ETA: 9:33:27 - loss: 0.2514 - acc: 0.9385
   5/2753 [..............................] - ETA: 9:27:22 - loss: 0.2565 - acc: 0.9374
   6/2753 [..............................] - ETA: 9:21:43 - loss: 0.2552 - acc: 0.9367
   7/2753 [..............................] - ETA: 9:18:05 - loss: 0.2557 - acc: 0.9360