
================================================================================
                                  0. Load Data
================================================================================
[KF INFO] Loading kf_data_shuffled.h5 ...
[KF INFO] Loading kf_val_10k.h5 ...
[KF INFO] Loading round2_test_a_20190121.h5 ...
[KF INFO] Data loaded successfully!

================================================================================
                            I. Bounding the Outliers
================================================================================
--------------------------------------------------------------------------------
[KF INFO] Start plot_histograms ...
--------------------------------------------------------------------------------
[KF INFO] Loading kf_data_shuffled_1sigma.h5 ...
Traceback (most recent call last):
  File "02_data_rescaling.py", line 318, in <module>
    plot_histograms('kf_data_shuffled_1sigma.h5', 'kf_val_10k_1sigma.h5','kf_test2A_1sigma.h5', option='1sigma')
  File "02_data_rescaling.py", line 81, in plot_histograms
    f_data = h5py.File(os.path.join(base_dir, train), 'r')
  File "/home/kefeng/anaconda3/lib/python3.6/site-packages/h5py/_hl/files.py", line 312, in __init__
    fid = make_fid(name, mode, userblock_size, fapl, swmr=swmr)
  File "/home/kefeng/anaconda3/lib/python3.6/site-packages/h5py/_hl/files.py", line 142, in make_fid
    fid = h5f.open(name, flags, fapl=fapl)
  File "h5py/_objects.pyx", line 54, in h5py._objects.with_phil.wrapper
  File "h5py/_objects.pyx", line 55, in h5py._objects.with_phil.wrapper
  File "h5py/h5f.pyx", line 78, in h5py.h5f.open
OSError: Unable to open file (unable to open file: name = '/home/kefeng/German_AI_Challenge/dataset/kf_data_shuffled_1sigma.h5', errno = 2, error message = 'No such file or directory', flags = 0, o_flags = 0)

================================================================================
                                  0. Load Data
================================================================================
[KF INFO] Loading kf_data_shuffled.h5 ...
[KF INFO] Loading kf_val_10k.h5 ...
[KF INFO] Loading round2_test_a_20190121.h5 ...
[KF INFO] Data loaded successfully!

================================================================================
                            I. Bounding the Outliers
================================================================================
--------------------------------------------------------------------------------
[KF INFO] Creating kf_data_shuffled_1sigma.h5 ...
s1 shape   : (50989, 32, 32, 8)
s2 shape   : (50989, 32, 32, 10)
label shape: (50989, 17)
[KF INFO] - s1 ...
[KF INFO] -- channel 4
[KF INFO] --- Start Bounding ...
[KF INFO] --- done in 24.947874784469604 seconds!
[KF INFO] -- channel 5
[KF INFO] --- Start Bounding ...
[KF INFO] --- done in 39.02179718017578 seconds!
[KF INFO] -- channel 6
[KF INFO] --- Start Bounding ...
[KF INFO] --- done in 39.910953521728516 seconds!
[KF INFO] -- channel 7
[KF INFO] --- Start Bounding ...
[KF INFO] --- done in 39.76571202278137 seconds!
--------------------------------------------------------------------------------
[KF INFO] - s2 and label ...

================================================================================
                                  0. Load Data
================================================================================
[KF INFO] Loading kf_data_shuffled.h5 ...
[KF INFO] Loading kf_val_10k.h5 ...
[KF INFO] Loading round2_test_a_20190121.h5 ...
[KF INFO] Data loaded successfully!

================================================================================
                            I. Bounding the Outliers
================================================================================
--------------------------------------------------------------------------------
[KF INFO] Creating kf_data_shuffled_1sigma.h5 ...
s1 shape   : (50989, 32, 32, 8)
s2 shape   : (50989, 32, 32, 10)
label shape: (50989, 17)
[KF INFO] - s1 ...
[KF INFO] -- channel 4
[KF INFO] --- Start Bounding ...
[KF INFO] --- done in 24.93355441093445 seconds!
[KF INFO] -- channel 5
[KF INFO] --- Start Bounding ...
[KF INFO] --- done in 40.24395132064819 seconds!
[KF INFO] -- channel 6
[KF INFO] --- Start Bounding ...
[KF INFO] --- done in 40.30713653564453 seconds!
[KF INFO] -- channel 7
[KF INFO] --- Start Bounding ...
[KF INFO] --- done in 40.70740532875061 seconds!
--------------------------------------------------------------------------------
[KF INFO] - s2 and label ...
[KF INFO] --  1000 rows are processed!
[KF INFO] --  2000 rows are processed!
[KF INFO] --  3000 rows are processed!
[KF INFO] --  4000 rows are processed!
[KF INFO] --  5000 rows are processed!
[KF INFO] --  6000 rows are processed!
[KF INFO] --  7000 rows are processed!
[KF INFO] --  8000 rows are processed!
[KF INFO] --  9000 rows are processed!
[KF INFO] -- 10000 rows are processed!
[KF INFO] -- 11000 rows are processed!
[KF INFO] -- 12000 rows are processed!
[KF INFO] -- 13000 rows are processed!
[KF INFO] -- 14000 rows are processed!
[KF INFO] -- 15000 rows are processed!
[KF INFO] -- 16000 rows are processed!
[KF INFO] -- 17000 rows are processed!
[KF INFO] -- 18000 rows are processed!
[KF INFO] -- 19000 rows are processed!
[KF INFO] -- 20000 rows are processed!
[KF INFO] -- 21000 rows are processed!
[KF INFO] -- 22000 rows are processed!
[KF INFO] -- 23000 rows are processed!
[KF INFO] -- 24000 rows are processed!
[KF INFO] -- 25000 rows are processed!
[KF INFO] -- 26000 rows are processed!
[KF INFO] -- 27000 rows are processed!
[KF INFO] -- 28000 rows are processed!
[KF INFO] -- 29000 rows are processed!
[KF INFO] -- 30000 rows are processed!
[KF INFO] -- 31000 rows are processed!
[KF INFO] -- 32000 rows are processed!
[KF INFO] -- 33000 rows are processed!
[KF INFO] -- 34000 rows are processed!
[KF INFO] -- 35000 rows are processed!
[KF INFO] -- 36000 rows are processed!
[KF INFO] -- 37000 rows are processed!
[KF INFO] -- 38000 rows are processed!
[KF INFO] -- 39000 rows are processed!
[KF INFO] -- 40000 rows are processed!
[KF INFO] -- 41000 rows are processed!
[KF INFO] -- 42000 rows are processed!
[KF INFO] -- 43000 rows are processed!
[KF INFO] -- 44000 rows are processed!
[KF INFO] -- 45000 rows are processed!
[KF INFO] -- 46000 rows are processed!
[KF INFO] -- 47000 rows are processed!
[KF INFO] -- 48000 rows are processed!
[KF INFO] -- 49000 rows are processed!
[KF INFO] -- 50000 rows are processed!
[KF INFO] kf_data_shuffled_1sigma.h5 is saved!

--------------------------------------------------------------------------------
[KF INFO] Creating kf_val_10k_1sigma.h5 ...
s1 shape   : (10000, 32, 32, 8)
s2 shape   : (10000, 32, 32, 10)
label shape: (10000, 17)
[KF INFO] - s1 ...
[KF INFO] -- channel 4
[KF INFO] --- Start Bounding ...
[KF INFO] --- done in 1.4331364631652832 seconds!
[KF INFO] -- channel 5
[KF INFO] --- Start Bounding ...
[KF INFO] --- done in 1.162698745727539 seconds!
[KF INFO] -- channel 6
[KF INFO] --- Start Bounding ...
[KF INFO] --- done in 0.2937953472137451 seconds!
[KF INFO] -- channel 7
[KF INFO] --- Start Bounding ...
[KF INFO] --- done in 0.2820088863372803 seconds!
--------------------------------------------------------------------------------
[KF INFO] - s2 and label ...
[KF INFO] --  1000 rows are processed!
[KF INFO] --  2000 rows are processed!
[KF INFO] --  3000 rows are processed!
[KF INFO] --  4000 rows are processed!
[KF INFO] --  5000 rows are processed!
[KF INFO] --  6000 rows are processed!
[KF INFO] --  7000 rows are processed!
[KF INFO] --  8000 rows are processed!
[KF INFO] --  9000 rows are processed!
[KF INFO] kf_data_shuffled_1sigma.h5 is saved!

--------------------------------------------------------------------------------
[KF INFO] Creating kf_test2A_1sigma.h5 ...
s1 shape   : (4842, 32, 32, 8)
s2 shape   : (4842, 32, 32, 10)
[KF INFO] - s1 ...
[KF INFO] -- channel 4
[KF INFO] --- Start Bounding ...
[KF INFO] --- done in 0.17957305908203125 seconds!
[KF INFO] -- channel 5
[KF INFO] --- Start Bounding ...
[KF INFO] --- done in 0.13850784301757812 seconds!
[KF INFO] -- channel 6
[KF INFO] --- Start Bounding ...
[KF INFO] --- done in 0.1449415683746338 seconds!
[KF INFO] -- channel 7
[KF INFO] --- Start Bounding ...
[KF INFO] --- done in 0.13884973526000977 seconds!
--------------------------------------------------------------------------------
[KF INFO] - s2 ...
[KF INFO] --  1000 rows are processed!
[KF INFO] --  2000 rows are processed!
[KF INFO] --  3000 rows are processed!
[KF INFO] --  4000 rows are processed!
[KF INFO] kf_test2A_1sigma.h5 is saved!

--------------------------------------------------------------------------------
[KF INFO] Creating kf_data_shuffled_2sigma.h5 ...
s1 shape   : (50989, 32, 32, 8)
s2 shape   : (50989, 32, 32, 10)
label shape: (50989, 17)
[KF INFO] - s1 ...
[KF INFO] -- channel 4
[KF INFO] --- Start Bounding ...
[KF INFO] --- done in 29.61104726791382 seconds!
[KF INFO] -- channel 5
[KF INFO] --- Start Bounding ...
[KF INFO] --- done in 94.88681054115295 seconds!
[KF INFO] -- channel 6
[KF INFO] --- Start Bounding ...
[KF INFO] --- done in 71.10333061218262 seconds!
[KF INFO] -- channel 7
[KF INFO] --- Start Bounding ...
[KF INFO] --- done in 30.470311164855957 seconds!
--------------------------------------------------------------------------------
[KF INFO] - s2 and label ...
[KF INFO] --  1000 rows are processed!
[KF INFO] --  2000 rows are processed!
[KF INFO] --  3000 rows are processed!
[KF INFO] --  4000 rows are processed!
[KF INFO] --  5000 rows are processed!
[KF INFO] --  6000 rows are processed!
[KF INFO] --  7000 rows are processed!
[KF INFO] --  8000 rows are processed!
[KF INFO] --  9000 rows are processed!
[KF INFO] -- 10000 rows are processed!
[KF INFO] -- 11000 rows are processed!
[KF INFO] -- 12000 rows are processed!
[KF INFO] -- 13000 rows are processed!
[KF INFO] -- 14000 rows are processed!
[KF INFO] -- 15000 rows are processed!
[KF INFO] -- 16000 rows are processed!
[KF INFO] -- 17000 rows are processed!
[KF INFO] -- 18000 rows are processed!
[KF INFO] -- 19000 rows are processed!
[KF INFO] -- 20000 rows are processed!
[KF INFO] -- 21000 rows are processed!
[KF INFO] -- 22000 rows are processed!
[KF INFO] -- 23000 rows are processed!
[KF INFO] -- 24000 rows are processed!
[KF INFO] -- 25000 rows are processed!
[KF INFO] -- 26000 rows are processed!
[KF INFO] -- 27000 rows are processed!
[KF INFO] -- 28000 rows are processed!
[KF INFO] -- 29000 rows are processed!
[KF INFO] -- 30000 rows are processed!
[KF INFO] -- 31000 rows are processed!
[KF INFO] -- 32000 rows are processed!
[KF INFO] -- 33000 rows are processed!
[KF INFO] -- 34000 rows are processed!
[KF INFO] -- 35000 rows are processed!
[KF INFO] -- 36000 rows are processed!
[KF INFO] -- 37000 rows are processed!
[KF INFO] -- 38000 rows are processed!
[KF INFO] -- 39000 rows are processed!
[KF INFO] -- 40000 rows are processed!
[KF INFO] -- 41000 rows are processed!
[KF INFO] -- 42000 rows are processed!
[KF INFO] -- 43000 rows are processed!
[KF INFO] -- 44000 rows are processed!
[KF INFO] -- 45000 rows are processed!
[KF INFO] -- 46000 rows are processed!
[KF INFO] -- 47000 rows are processed!
[KF INFO] -- 48000 rows are processed!
[KF INFO] -- 49000 rows are processed!
[KF INFO] -- 50000 rows are processed!
[KF INFO] kf_data_shuffled_2sigma.h5 is saved!

--------------------------------------------------------------------------------
[KF INFO] Creating kf_val_10k_2sigma.h5 ...
s1 shape   : (10000, 32, 32, 8)
s2 shape   : (10000, 32, 32, 10)
label shape: (10000, 17)
[KF INFO] - s1 ...
[KF INFO] -- channel 4
[KF INFO] --- Start Bounding ...
[KF INFO] --- done in 0.39049601554870605 seconds!
[KF INFO] -- channel 5
[KF INFO] --- Start Bounding ...
[KF INFO] --- done in 0.29228687286376953 seconds!
[KF INFO] -- channel 6
[KF INFO] --- Start Bounding ...
[KF INFO] --- done in 0.30570220947265625 seconds!
[KF INFO] -- channel 7
[KF INFO] --- Start Bounding ...
[KF INFO] --- done in 0.29268884658813477 seconds!
--------------------------------------------------------------------------------
[KF INFO] - s2 and label ...
[KF INFO] --  1000 rows are processed!
[KF INFO] --  2000 rows are processed!
[KF INFO] --  3000 rows are processed!
[KF INFO] --  4000 rows are processed!
[KF INFO] --  5000 rows are processed!
[KF INFO] --  6000 rows are processed!
[KF INFO] --  7000 rows are processed!
[KF INFO] --  8000 rows are processed!
[KF INFO] --  9000 rows are processed!
[KF INFO] kf_data_shuffled_2sigma.h5 is saved!

--------------------------------------------------------------------------------
[KF INFO] Creating kf_test2A_2sigma.h5 ...
s1 shape   : (4842, 32, 32, 8)
s2 shape   : (4842, 32, 32, 10)
[KF INFO] - s1 ...
[KF INFO] -- channel 4
[KF INFO] --- Start Bounding ...
[KF INFO] --- done in 0.189697265625 seconds!
[KF INFO] -- channel 5
[KF INFO] --- Start Bounding ...
[KF INFO] --- done in 0.13947653770446777 seconds!
[KF INFO] -- channel 6
[KF INFO] --- Start Bounding ...
[KF INFO] --- done in 0.14630532264709473 seconds!
[KF INFO] -- channel 7
[KF INFO] --- Start Bounding ...
[KF INFO] --- done in 0.1401689052581787 seconds!
--------------------------------------------------------------------------------
[KF INFO] - s2 ...
[KF INFO] --  1000 rows are processed!
[KF INFO] --  2000 rows are processed!
[KF INFO] --  3000 rows are processed!
[KF INFO] --  4000 rows are processed!
[KF INFO] kf_test2A_2sigma.h5 is saved!

--------------------------------------------------------------------------------
[KF INFO] Creating kf_data_shuffled_3sigma.h5 ...
s1 shape   : (50989, 32, 32, 8)
s2 shape   : (50989, 32, 32, 10)
label shape: (50989, 17)
[KF INFO] - s1 ...
[KF INFO] -- channel 4
[KF INFO] --- Start Bounding ...
[KF INFO] --- done in 26.79311966896057 seconds!
[KF INFO] -- channel 5
[KF INFO] --- Start Bounding ...
[KF INFO] --- done in 78.0961422920227 seconds!
[KF INFO] -- channel 6
[KF INFO] --- Start Bounding ...
[KF INFO] --- done in 27.04311752319336 seconds!
[KF INFO] -- channel 7
[KF INFO] --- Start Bounding ...
[KF INFO] --- done in 35.98320460319519 seconds!
--------------------------------------------------------------------------------
[KF INFO] - s2 and label ...
[KF INFO] --  1000 rows are processed!
[KF INFO] --  2000 rows are processed!
[KF INFO] --  3000 rows are processed!
[KF INFO] --  4000 rows are processed!
[KF INFO] --  5000 rows are processed!
[KF INFO] --  6000 rows are processed!
[KF INFO] --  7000 rows are processed!
[KF INFO] --  8000 rows are processed!
[KF INFO] --  9000 rows are processed!
[KF INFO] -- 10000 rows are processed!
[KF INFO] -- 11000 rows are processed!
[KF INFO] -- 12000 rows are processed!
[KF INFO] -- 13000 rows are processed!
[KF INFO] -- 14000 rows are processed!
[KF INFO] -- 15000 rows are processed!
[KF INFO] -- 16000 rows are processed!
[KF INFO] -- 17000 rows are processed!
[KF INFO] -- 18000 rows are processed!
[KF INFO] -- 19000 rows are processed!
[KF INFO] -- 20000 rows are processed!
[KF INFO] -- 21000 rows are processed!
[KF INFO] -- 22000 rows are processed!
[KF INFO] -- 23000 rows are processed!
[KF INFO] -- 24000 rows are processed!
[KF INFO] -- 25000 rows are processed!
[KF INFO] -- 26000 rows are processed!
[KF INFO] -- 27000 rows are processed!
[KF INFO] -- 28000 rows are processed!
[KF INFO] -- 29000 rows are processed!
[KF INFO] -- 30000 rows are processed!
[KF INFO] -- 31000 rows are processed!
[KF INFO] -- 32000 rows are processed!
[KF INFO] -- 33000 rows are processed!
[KF INFO] -- 34000 rows are processed!
[KF INFO] -- 35000 rows are processed!
[KF INFO] -- 36000 rows are processed!
[KF INFO] -- 37000 rows are processed!
[KF INFO] -- 38000 rows are processed!
[KF INFO] -- 39000 rows are processed!
[KF INFO] -- 40000 rows are processed!
[KF INFO] -- 41000 rows are processed!
[KF INFO] -- 42000 rows are processed!
[KF INFO] -- 43000 rows are processed!
[KF INFO] -- 44000 rows are processed!
[KF INFO] -- 45000 rows are processed!
[KF INFO] -- 46000 rows are processed!
[KF INFO] -- 47000 rows are processed!
[KF INFO] -- 48000 rows are processed!
[KF INFO] -- 49000 rows are processed!
[KF INFO] -- 50000 rows are processed!
[KF INFO] kf_data_shuffled_3sigma.h5 is saved!

--------------------------------------------------------------------------------
[KF INFO] Creating kf_val_10k_3sigma.h5 ...
s1 shape   : (10000, 32, 32, 8)
s2 shape   : (10000, 32, 32, 10)
label shape: (10000, 17)
[KF INFO] - s1 ...
[KF INFO] -- channel 4
[KF INFO] --- Start Bounding ...
[KF INFO] --- done in 0.3825032711029053 seconds!
[KF INFO] -- channel 5
[KF INFO] --- Start Bounding ...
[KF INFO] --- done in 3.855391263961792 seconds!
[KF INFO] -- channel 6
[KF INFO] --- Start Bounding ...
[KF INFO] --- done in 2.8906846046447754 seconds!
[KF INFO] -- channel 7
[KF INFO] --- Start Bounding ...
[KF INFO] --- done in 0.6858696937561035 seconds!
--------------------------------------------------------------------------------
[KF INFO] - s2 and label ...
[KF INFO] --  1000 rows are processed!
[KF INFO] --  2000 rows are processed!
[KF INFO] --  3000 rows are processed!
[KF INFO] --  4000 rows are processed!
[KF INFO] --  5000 rows are processed!
[KF INFO] --  6000 rows are processed!
[KF INFO] --  7000 rows are processed!
[KF INFO] --  8000 rows are processed!
[KF INFO] --  9000 rows are processed!
[KF INFO] kf_data_shuffled_3sigma.h5 is saved!

--------------------------------------------------------------------------------
[KF INFO] Creating kf_test2A_3sigma.h5 ...
s1 shape   : (4842, 32, 32, 8)
s2 shape   : (4842, 32, 32, 10)
[KF INFO] - s1 ...
[KF INFO] -- channel 4
[KF INFO] --- Start Bounding ...
[KF INFO] --- done in 0.18966341018676758 seconds!
[KF INFO] -- channel 5
[KF INFO] --- Start Bounding ...
[KF INFO] --- done in 0.1396174430847168 seconds!
[KF INFO] -- channel 6
[KF INFO] --- Start Bounding ...
[KF INFO] --- done in 0.14600086212158203 seconds!
[KF INFO] -- channel 7
[KF INFO] --- Start Bounding ...
[KF INFO] --- done in 0.14052963256835938 seconds!
--------------------------------------------------------------------------------
[KF INFO] - s2 ...
[KF INFO] --  1000 rows are processed!
[KF INFO] --  2000 rows are processed!
[KF INFO] --  3000 rows are processed!
[KF INFO] --  4000 rows are processed!
[KF INFO] kf_test2A_3sigma.h5 is saved!

--------------------------------------------------------------------------------
[KF INFO] Start plot_histograms ...
--------------------------------------------------------------------------------
[KF INFO] Loading kf_data_shuffled_1sigma.h5 ...
[KF INFO] Loading kf_val_10k_1sigma.h5 ...
[KF INFO] Loading kf_test2A_1sigma.h5 ...
[KF INFO] Data loaded successfully!
--------------------------------------------------------------------------------
[KF INFO] Start plotting 1sigma s1 histograms ...
[KF INFO] - Concatenating s1 - channel 4 ...
[KF INFO] - Plotting s1 - channel 4 ...
[KF INFO] - Concatenating s1 - channel 5 ...
[KF INFO] - Plotting s1 - channel 5 ...
[KF INFO] - Concatenating s1 - channel 6 ...
[KF INFO] - Plotting s1 - channel 6 ...
[KF INFO] - Concatenating s1 - channel 7 ...
[KF INFO] - Plotting s1 - channel 7 ...
[KF INFO] hist-1sigma-s1-data+val+test.eps saved!
--------------------------------------------------------------------------------
[KF INFO] Start plotting 1sigma s1 histograms ...
[KF INFO] - Concatenating s2 - channel 0 ...
[KF INFO] - Plotting s2 - channel 0 ...
[KF INFO] - Concatenating s2 - channel 1 ...
[KF INFO] - Plotting s2 - channel 1 ...
[KF INFO] - Concatenating s2 - channel 2 ...
[KF INFO] - Plotting s2 - channel 2 ...
[KF INFO] - Concatenating s2 - channel 3 ...
[KF INFO] - Plotting s2 - channel 3 ...
[KF INFO] - Concatenating s2 - channel 4 ...
[KF INFO] - Plotting s2 - channel 4 ...
[KF INFO] - Concatenating s2 - channel 5 ...
[KF INFO] - Plotting s2 - channel 5 ...
[KF INFO] - Concatenating s2 - channel 6 ...
[KF INFO] - Plotting s2 - channel 6 ...
[KF INFO] - Concatenating s2 - channel 7 ...
[KF INFO] - Plotting s2 - channel 7 ...
[KF INFO] - Concatenating s2 - channel 8 ...
[KF INFO] - Plotting s2 - channel 8 ...
[KF INFO] - Concatenating s2 - channel 9 ...
[KF INFO] - Plotting s2 - channel 9 ...
[KF INFO] hist-1sigma-s2-data+val+test.eps saved!
--------------------------------------------------------------------------------
--------------------------------------------------------------------------------
[KF INFO] Start plot_histograms ...
--------------------------------------------------------------------------------
[KF INFO] Loading kf_data_shuffled_2sigma.h5 ...
[KF INFO] Loading kf_val_10k_2sigma.h5 ...
[KF INFO] Loading kf_test2A_2sigma.h5 ...
[KF INFO] Data loaded successfully!
--------------------------------------------------------------------------------
[KF INFO] Start plotting 2sigma s1 histograms ...
[KF INFO] - Concatenating s1 - channel 4 ...
[KF INFO] - Plotting s1 - channel 4 ...
[KF INFO] - Concatenating s1 - channel 5 ...
[KF INFO] - Plotting s1 - channel 5 ...
[KF INFO] - Concatenating s1 - channel 6 ...
[KF INFO] - Plotting s1 - channel 6 ...
[KF INFO] - Concatenating s1 - channel 7 ...
[KF INFO] - Plotting s1 - channel 7 ...
[KF INFO] hist-2sigma-s1-data+val+test.eps saved!
--------------------------------------------------------------------------------
[KF INFO] Start plotting 2sigma s1 histograms ...
[KF INFO] - Concatenating s2 - channel 0 ...
[KF INFO] - Plotting s2 - channel 0 ...
[KF INFO] - Concatenating s2 - channel 1 ...
[KF INFO] - Plotting s2 - channel 1 ...
[KF INFO] - Concatenating s2 - channel 2 ...
[KF INFO] - Plotting s2 - channel 2 ...
[KF INFO] - Concatenating s2 - channel 3 ...
[KF INFO] - Plotting s2 - channel 3 ...
[KF INFO] - Concatenating s2 - channel 4 ...
[KF INFO] - Plotting s2 - channel 4 ...
[KF INFO] - Concatenating s2 - channel 5 ...
[KF INFO] - Plotting s2 - channel 5 ...
[KF INFO] - Concatenating s2 - channel 6 ...
[KF INFO] - Plotting s2 - channel 6 ...
[KF INFO] - Concatenating s2 - channel 7 ...
[KF INFO] - Plotting s2 - channel 7 ...
[KF INFO] - Concatenating s2 - channel 8 ...
[KF INFO] - Plotting s2 - channel 8 ...
[KF INFO] - Concatenating s2 - channel 9 ...
[KF INFO] - Plotting s2 - channel 9 ...
[KF INFO] hist-2sigma-s2-data+val+test.eps saved!
--------------------------------------------------------------------------------
--------------------------------------------------------------------------------
[KF INFO] Start plot_histograms ...
--------------------------------------------------------------------------------
[KF INFO] Loading kf_data_shuffled_3sigma.h5 ...
[KF INFO] Loading kf_val_10k_3sigma.h5 ...
[KF INFO] Loading kf_test2A_3sigma.h5 ...
[KF INFO] Data loaded successfully!
--------------------------------------------------------------------------------
[KF INFO] Start plotting 3sigma s1 histograms ...
[KF INFO] - Concatenating s1 - channel 4 ...
[KF INFO] - Plotting s1 - channel 4 ...
[KF INFO] - Concatenating s1 - channel 5 ...
[KF INFO] - Plotting s1 - channel 5 ...
[KF INFO] - Concatenating s1 - channel 6 ...
[KF INFO] - Plotting s1 - channel 6 ...
[KF INFO] - Concatenating s1 - channel 7 ...
[KF INFO] - Plotting s1 - channel 7 ...
[KF INFO] hist-3sigma-s1-data+val+test.eps saved!
--------------------------------------------------------------------------------
[KF INFO] Start plotting 3sigma s1 histograms ...
[KF INFO] - Concatenating s2 - channel 0 ...
[KF INFO] - Plotting s2 - channel 0 ...
[KF INFO] - Concatenating s2 - channel 1 ...
[KF INFO] - Plotting s2 - channel 1 ...
[KF INFO] - Concatenating s2 - channel 2 ...
[KF INFO] - Plotting s2 - channel 2 ...
[KF INFO] - Concatenating s2 - channel 3 ...
[KF INFO] - Plotting s2 - channel 3 ...
[KF INFO] - Concatenating s2 - channel 4 ...
[KF INFO] - Plotting s2 - channel 4 ...
[KF INFO] - Concatenating s2 - channel 5 ...
[KF INFO] - Plotting s2 - channel 5 ...
[KF INFO] - Concatenating s2 - channel 6 ...
[KF INFO] - Plotting s2 - channel 6 ...
[KF INFO] - Concatenating s2 - channel 7 ...
[KF INFO] - Plotting s2 - channel 7 ...
[KF INFO] - Concatenating s2 - channel 8 ...
[KF INFO] - Plotting s2 - channel 8 ...
[KF INFO] - Concatenating s2 - channel 9 ...
[KF INFO] - Plotting s2 - channel 9 ...
[KF INFO] hist-3sigma-s2-data+val+test.eps saved!
--------------------------------------------------------------------------------
